<?xml version="1.0" encoding="UTF-8"?>
<!-- Generated by org.testng.reporters.JUnitReportReporter -->
<testsuite hostname="WIN-MUTTHS1SNE9" name="pe.com.test.seleniumwd.FacebookWebDriverTest" tests="1" failures="0" timestamp="23 Apr 2017 00:36:01 GMT" time="8.498" errors="0">
  <testcase name="insertarCategoria" time="8.498" classname="pe.com.test.seleniumwd.FacebookWebDriverTest"/>
</testsuite> <!-- pe.com.test.seleniumwd.FacebookWebDriverTest -->
