<?xml version="1.0" encoding="UTF-8"?>
<!-- Generated by org.testng.reporters.JUnitReportReporter -->
<testsuite hostname="WIN-MUTTHS1SNE9" name="pe.com.test.CategoriaTest" tests="8" failures="0" timestamp="1 Apr 2017 23:48:56 GMT" time="1.029" errors="0">
  <testcase name="insertar" time="0.355" classname="pe.com.test.CategoriaTest"/>
  <testcase name="insertarDataProvider" time="0.013" classname="pe.com.test.CategoriaTest"/>
  <testcase name="insertarDataProvider" time="0.017" classname="pe.com.test.CategoriaTest"/>
  <testcase name="eliminar" time="0.041" classname="pe.com.test.CategoriaTest"/>
  <testcase name="timeOut" time="0.515" classname="pe.com.test.CategoriaTest"/>
  <testcase name="obtener" time="0.021" classname="pe.com.test.CategoriaTest"/>
  <testcase name="actualizar" time="0.043" classname="pe.com.test.CategoriaTest"/>
  <testcase name="insertarDataProvider" time="0.024" classname="pe.com.test.CategoriaTest"/>
</testsuite> <!-- pe.com.test.CategoriaTest -->
